==============================================================================
Suites                                                                        
==============================================================================
Suites.Login2                                                                 
==============================================================================
Login And Logout Test                                                   
  Traceback (most recent call last):
    ~~~~~~~~~~~~~~~~~~~~~~~~~~~~~~~~~~~~~~~~~~~~~~~~~~~~~~~~~~~~~~~~~~~~~~~~~~
    File  C:\Users\David\PycharmProjects\Testing_E-rechnung\TestCases\login2.robot:15
    T:  Login And Logout Test    
    ~~~~~~~~~~~~~~~~~~~~~~~~~~~~~~~~~~~~~~~~~~~~~~~~~~~~~~~~~~~~~~~~~~~~~~~~~~
    File  C:\Users\David\PycharmProjects\Testing_E-rechnung\TestCases\login2.robot:16
      Open My Browser    ${SiteUrl}    ${Browser}
      |  ${SiteUrl} = https://demowebshop.tricentis.com/login (str)
      |  ${Browser} = chrome (str)
    ~~~~~~~~~~~~~~~~~~~~~~~~~~~~~~~~~~~~~~~~~~~~~~~~~~~~~~~~~~~~~~~~~~~~~~~~~~
    File  C:\Users\David\PycharmProjects\Testing_E-rechnung\Resources\LoginKeywords.robot:10
      Open Browser    ${SiteUrl}    ${Browser}
      |  ${SiteUrl} = https://demowebshop.tricentis.com/login (str)
      |  ${Browser} = chrome (str)
______________________________________________________________________________
| FAIL |
WebDriverException: Message: 'chromedriver' executable needs to be in PATH. Please see https://chromedriver.chromium.org/home
------------------------------------------------------------------------------
Suites.Login2                                                         | FAIL |
1 test, 0 passed, 1 failed
==============================================================================
Suites                                                                | FAIL |
1 test, 0 passed, 1 failed
==============================================================================
Output:  C:\Users\David\PycharmProjects\Testing_E-rechnung\pabot_results\1\output.xml
